[2026-02-14T09:57:55.829943+00:00] stdout: Compiled Core-IR to 
results_ablation/no_rulepack/nat_siblings/s41467-021-27464-5/enzyme/unit_010.cor
e.json
[2026-02-14T09:57:56.613216+00:00] stderr: ╭───────────────────── Traceback (most recent call last) ──────────────────────╮
│ /users/hideto/Project/ENZYME/src/enzyme/cli.py:65 in validate_cmd            │
│                                                                              │
│    62 ) -> None:                                                             │
│    63 │   core_ir = io.load_json(input_path)                                 │
│    64 │   registry = Registry.from_file(REGISTRY_PATH)                       │
│ ❱  65 │   validation = validate_core(core_ir, str(SCHEMA_CORE), registry)    │
│    66 │   io.write_json(output_path, validation)                             │
│    67 │   console.print(f"Validation results written to {output_path}")      │
│    68                                                                        │
│                                                                              │
│ ╭───────────────────────────────── locals ─────────────────────────────────╮ │
│ │     core_ir = {                                                          │ │
│ │               │   'ir_kind': 'core',                                     │ │
│ │               │   'metadata': {                                          │ │
│ │               │   │   'source': {                                        │ │
│ │               │   │   │   'id': 's41467-021-27464-5',                    │ │
│ │               │   │   │   'type': 'paper'                                │ │
│ │               │   │   },                                                 │ │
│ │               │   │   'title': 'Chronoamperometric dopamine detection'   │ │
│ │               │   },                                                     │ │
│ │               │   'protocol': {                                          │ │
│ │               │   │   'detail_level': 0,                                 │ │
│ │               │   │   'edges': [                                         │ │
│ │               │   │   │   {'from': 's1', 'to': 's2'},                    │ │
│ │               │   │   │   {'from': 's2', 'to': 's3'},                    │ │
│ │               │   │   │   {'from': 's3', 'to': 's4'},                    │ │
│ │               │   │   │   {'from': 's4', 'to': 's5'},                    │ │
│ │               │   │   │   {'from': 's5', 'to': 's6'}                     │ │
│ │               │   │   ],                                                 │ │
│ │               │   │   'start_step_id': 's1',                             │ │
│ │               │   │   'steps': [                                         │ │
│ │               │   │   │   {                                              │ │
│ │               │   │   │   │   'annotations': {},                         │ │
│ │               │   │   │   │   'id': 's1',                                │ │
│ │               │   │   │   │   'inputs': [],                              │ │
│ │               │   │   │   │   'op': 'allocate',                          │ │
│ │               │   │   │   │   'outputs': [                               │ │
│ │               │   │   │   │   │   {'id': 'org1', 'kind': 'sample'}       │ │
│ │               │   │   │   │   ],                                         │ │
│ │               │   │   │   │   'params': {}                               │ │
│ │               │   │   │   },                                             │ │
│ │               │   │   │   {                                              │ │
│ │               │   │   │   │   'annotations': {},                         │ │
│ │               │   │   │   │   'id': 's2',                                │ │
│ │               │   │   │   │   'inputs': [],                              │ │
│ │               │   │   │   │   'op': 'allocate',                          │ │
│ │               │   │   │   │   'outputs': [                               │ │
│ │               │   │   │   │   │   {'id': 'buf1', 'kind': 'material'}     │ │
│ │               │   │   │   │   ],                                         │ │
│ │               │   │   │   │   'params': {}                               │ │
│ │               │   │   │   },                                             │ │
│ │               │   │   │   {                                              │ │
│ │               │   │   │   │   'annotations': {},                         │ │
│ │               │   │   │   │   'id': 's3',                                │ │
│ │               │   │   │   │   'inputs': [],                              │ │
│ │               │   │   │   │   'op': 'allocate',                          │ │
│ │               │   │   │   │   'outputs': [                               │ │
│ │               │   │   │   │   │   {                                      │ │
│ │               │   │   │   │   │   │   'id': 'setup1',                    │ │
│ │               │   │   │   │   │   │   'kind': 'equipment'                │ │
│ │               │   │   │   │   │   }                                      │ │
│ │               │   │   │   │   ],                                         │ │
│ │               │   │   │   │   'params': {}                               │ │
│ │               │   │   │   },                                             │ │
│ │               │   │   │   {                                              │ │
│ │               │   │   │   │   'annotations': {                           │ │
│ │               │   │   │   │   │   'note': 'The organoid was placed on    │ │
│ │               the working electrode immersed in baseline buffer.'        │ │
│ │               │   │   │   │   },                                         │ │
│ │               │   │   │   │   'id': 's4',                                │ │
│ │               │   │   │   │   'inputs': [],                              │ │
│ │               │   │   │   │   'op': 'annotate',                          │ │
│ │               │   │   │   │   'outputs': [],                             │ │
│ │               │   │   │   │   'params': {}                               │ │
│ │               │   │   │   },                                             │ │
│ │               │   │   │   {                                              │ │
│ │               │   │   │   │   'annotations': {                           │ │
│ │               │   │   │   │   │   'note': 'A constant potential was      │ │
│ │               applied.'                                                  │ │
│ │               │   │   │   │   },                                         │ │
│ │               │   │   │   │   'id': 's5',                                │ │
│ │               │   │   │   │   'inputs': [],                              │ │
│ │               │   │   │   │   'op': 'annotate',                          │ │
│ │               │   │   │   │   'outputs': [],                             │ │
│ │               │   │   │   │   'params': {}                               │ │
│ │               │   │   │   },                                             │ │
│ │               │   │   │   {                                              │ │
│ │               │   │   │   │   'annotations': {},                         │ │
│ │               │   │   │   │   'id': 's6',                                │ │
│ │               │   │   │   │   'inputs': [                                │ │
│ │               │   │   │   │   │   {                                      │ │
│ │               │   │   │   │   │   │   'id': 'setup1',                    │ │
│ │               │   │   │   │   │   │   'kind': 'equipment'                │ │
│ │               │   │   │   │   │   }                                      │ │
│ │               │   │   │   │   ],                                         │ │
│ │               │   │   │   │   'op': 'observe',                           │ │
│ │               │   │   │   │   'outputs': [                               │ │
│ │               │   │   │   │   │   {'id': 'data1', 'kind': 'data'}        │ │
│ │               │   │   │   │   ],                                         │ │
│ │               │   │   │   │   'params': {                                │ │
│ │               │   │   │   │   │   'features': ['current'],               │ │
│ │               │   │   │   │   │   'modality': 'instrument_readout'       │ │
│ │               │   │   │   │   }                                          │ │
│ │               │   │   │   }                                              │ │
│ │               │   │   ]                                                  │ │
│ │               │   },                                                     │ │
│ │               │   'resources': {                                         │ │
│ │               │   │   'containers': [],                                  │ │
│ │               │   │   'data': [                                          │ │
│ │               │   │   │   {'id': 'data1', 'name': 'current trace'}       │ │
│ │               │   │   ],                                                 │ │
│ │               │   │   'equipment': [                                     │ │
│ │               │   │   │   {                                              │ │
│ │               │   │   │   │   'id': 'setup1',                            │ │
│ │               │   │   │   │   'name': 'three‑electrode setup'            │ │
│ │               │   │   │   }                                              │ │
│ │               │   │   ],                                                 │ │
│ │               │   │   'materials': [                                     │ │
│ │               │   │   │   {'id': 'buf1', 'name': 'baseline buffer'}      │ │
│ │               │   │   ],                                                 │ │
│ │               │   │   'samples': [{'id': 'org1', 'name': 'organoid'}]    │ │
│ │               │   },                                                     │ │
│ │               │   'schema_version': '0.4'                                │ │
│ │               }                                                          │ │
│ │  input_path = PosixPath('results_ablation/no_rulepack/nat_siblings/s414… │ │
│ │ output_path = PosixPath('results_ablation/no_rulepack/nat_siblings/s414… │ │
│ │    registry = Registry(                                                  │ │
│ │               │   core_ops={                                             │ │
│ │               │   │   'dispose',                                         │ │
│ │               │   │   'allocate',                                        │ │
│ │               │   │   'transfer',                                        │ │
│ │               │   │   'run_device',                                      │ │
│ │               │   │   'manipulate',                                      │ │
│ │               │   │   'observe',                                         │ │
│ │               │   │   'annotate'                                         │ │
│ │               │   },                                                     │ │
│ │               │   action_kinds={                                         │ │
│ │               │   │   'mix': {                                           │ │
│ │               │   │   │   'required_settings_keys': [],                  │ │
│ │               │   │   │   'settings_schema': {                           │ │
│ │               │   │   │   │   'type': 'object',                          │ │
│ │               │   │   │   │   'additionalProperties': True               │ │
│ │               │   │   │   },                                             │ │
│ │               │   │   │   'description': 'mix by human hand (generic)'   │ │
│ │               │   │   },                                                 │ │
│ │               │   │   'mix_gently': {                                    │ │
│ │               │   │   │   'required_settings_keys': [],                  │ │
│ │               │   │   │   'settings_schema': {                           │ │
│ │               │   │   │   │   'type': 'object',                          │ │
│ │               │   │   │   │   'additionalProperties': True               │ │
│ │               │   │   │   },                                             │ │
│ │               │   │   │   'description': 'gentle mixing by human hand'   │ │
│ │               │   │   },                                                 │ │
│ │               │   │   'resuspend': {                                     │ │
│ │               │   │   │   'required_settings_keys': [],                  │ │
│ │               │   │   │   'settings_schema': {                           │ │
│ │               │   │   │   │   'type': 'object',                          │ │
│ │               │   │   │   │   'additionalProperties': True               │ │
│ │               │   │   │   },                                             │ │
│ │               │   │   │   'description': 'resuspend pellet or cells'     │ │
│ │               │   │   },                                                 │ │
│ │               │   │   'rinse': {                                         │ │
│ │               │   │   │   'required_settings_keys': [],                  │ │
│ │               │   │   │   'settings_schema': {                           │ │
│ │               │   │   │   │   'type': 'object',                          │ │
│ │               │   │   │   │   'additionalProperties': True               │ │
│ │               │   │   │   },                                             │ │
│ │               │   │   │   'description': 'rinse/wash vessel manually'    │ │
│ │               │   │   },                                                 │ │
│ │               │   │   'spread_on_plate': {                               │ │
│ │               │   │   │   'required_settings_keys': [],                  │ │
│ │               │   │   │   'settings_schema': {                           │ │
│ │               │   │   │   │   'type': 'object',                          │ │
│ │               │   │   │   │   'additionalProperties': True               │ │
│ │               │   │   │   },                                             │ │
│ │               │   │   │   'description': 'spread sample on plate         │ │
│ │               manually'                                                  │ │
│ │               │   │   },                                                 │ │
│ │               │   │   'pick_colony': {                                   │ │
│ │               │   │   │   'required_settings_keys': ['pick_target'],     │ │
│ │               │   │   │   'settings_schema': {                           │ │
│ │               │   │   │   │   'type': 'object',                          │ │
│ │               │   │   │   │   'properties': {                            │ │
│ │               │   │   │   │   │   'pick_target': {'type': 'string'}      │ │
│ │               │   │   │   │   },                                         │ │
│ │               │   │   │   │   'required': ['pick_target'],               │ │
│ │               │   │   │   │   'additionalProperties': True               │ │
│ │               │   │   │   },                                             │ │
│ │               │   │   │   'description': 'pick colony from plate         │ │
│ │               manually'                                                  │ │
│ │               │   │   },                                                 │ │
│ │               │   │   'dislodge_cells': {                                │ │
│ │               │   │   │   'required_settings_keys': [],                  │ │
│ │               │   │   │   'settings_schema': {                           │ │
│ │               │   │   │   │   'type': 'object',                          │ │
│ │               │   │   │   │   'additionalProperties': True               │ │
│ │               │   │   │   },                                             │ │
│ │               │   │   │   'description': 'dislodge/detach cells by       │ │
│ │               gentle tapping/pipetting etc (manual)'                     │ │
│ │               │   │   },                                                 │ │
│ │               │   │   'label': {                                         │ │
│ │               │   │   │   'required_settings_keys': ['text'],            │ │
│ │               │   │   │   'settings_schema': {                           │ │
│ │               │   │   │   │   'type': 'object',                          │ │
│ │               │   │   │   │   'properties': {                            │ │
│ │               │   │   │   │   │   'text': {'type': 'string'}             │ │
│ │               │   │   │   │   },                                         │ │
│ │               │   │   │   │   'required': ['text'],                      │ │
│ │               │   │   │   │   'additionalProperties': True               │ │
│ │               │   │   │   },                                             │ │
│ │               │   │   │   'description': 'label container/sample'        │ │
│ │               │   │   }                                                  │ │
│ │               │   },                                                     │ │
│ │               │   device_kinds={                                         │ │
│ │               │   │   'incubator': {                                     │ │
│ │               │   │   │   'required_program_keys': ['program_name'],     │ │
│ │               │   │   │   'program_schema': {                            │ │
│ │               │   │   │   │   'type': 'object',                          │ │
│ │               │   │   │   │   'properties': {                            │ │
│ │               │   │   │   │   │   'program_name': {'type': 'string'}     │ │
│ │               │   │   │   │   },                                         │ │
│ │               │   │   │   │   'required': ['program_name'],              │ │
│ │               │   │   │   │   'additionalProperties': True               │ │
│ │               │   │   │   },                                             │ │
│ │               │   │   │   'description': 'incubator run'                 │ │
│ │               │   │   },                                                 │ │
│ │               │   │   'thermocycler': {                                  │ │
│ │               │   │   │   'required_program_keys': ['profile_name'],     │ │
│ │               │   │   │   'program_schema': {                            │ │
│ │               │   │   │   │   'type': 'object',                          │ │
│ │               │   │   │   │   'properties': {                            │ │
│ │               │   │   │   │   │   'profile_name': {'type': 'string'}     │ │
│ │               │   │   │   │   },                                         │ │
│ │               │   │   │   │   'required': ['profile_name'],              │ │
│ │               │   │   │   │   'additionalProperties': True               │ │
│ │               │   │   │   },                                             │ │
│ │               │   │   │   'description': 'thermocycler run'              │ │
│ │               │   │   },                                                 │ │
│ │               │   │   'centrifuge': {                                    │ │
│ │               │   │   │   'required_program_keys': ['program_name'],     │ │
│ │               │   │   │   'program_schema': {                            │ │
│ │               │   │   │   │   'type': 'object',                          │ │
│ │               │   │   │   │   'properties': {                            │ │
│ │               │   │   │   │   │   'program_name': {'type': 'string'}     │ │
│ │               │   │   │   │   },                                         │ │
│ │               │   │   │   │   'required': ['program_name'],              │ │
│ │               │   │   │   │   'additionalProperties': True               │ │
│ │               │   │   │   },                                             │ │
│ │               │   │   │   'description': 'centrifuge run'                │ │
│ │               │   │   },                                                 │ │
│ │               │   │   'plate_reader': {                                  │ │
│ │               │   │   │   'required_program_keys': ['program_name'],     │ │
│ │               │   │   │   'program_schema': {                            │ │
│ │               │   │   │   │   'type': 'object',                          │ │
│ │               │   │   │   │   'properties': {                            │ │
│ │               │   │   │   │   │   'program_name': {'type': 'string'}     │ │
│ │               │   │   │   │   },                                         │ │
│ │               │   │   │   │   'required': ['program_name'],              │ │
│ │               │   │   │   │   'additionalProperties': True               │ │
│ │               │   │   │   },                                             │ │
│ │               │   │   │   'description': 'plate reader run'              │ │
│ │               │   │   },                                                 │ │
│ │               │   │   'imager': {                                        │ │
│ │               │   │   │   'required_program_keys': ['program_name'],     │ │
│ │               │   │   │   'program_schema': {                            │ │
│ │               │   │   │   │   'type': 'object',                          │ │
│ │               │   │   │   │   'properties': {                            │ │
│ │               │   │   │   │   │   'program_name': {'type': 'string'}     │ │
│ │               │   │   │   │   },                                         │ │
│ │               │   │   │   │   'required': ['program_name'],              │ │
│ │               │   │   │   │   'additionalProperties': True               │ │
│ │               │   │   │   },                                             │ │
│ │               │   │   │   'description': 'imaging device run'            │ │
│ │               │   │   },                                                 │ │
│ │               │   │   'cell_counter': {                                  │ │
│ │               │   │   │   'required_program_keys': ['program_name'],     │ │
│ │               │   │   │   'program_schema': {                            │ │
│ │               │   │   │   │   'type': 'object',                          │ │
│ │               │   │   │   │   'properties': {                            │ │
│ │               │   │   │   │   │   'program_name': {'type': 'string'}     │ │
│ │               │   │   │   │   },                                         │ │
│ │               │   │   │   │   'required': ['program_name'],              │ │
│ │               │   │   │   │   'additionalProperties': True               │ │
│ │               │   │   │   },                                             │ │
│ │               │   │   │   'description': 'cell counter run'              │ │
│ │               │   │   },                                                 │ │
│ │               │   │   'dna_delivery_device': {                           │ │
│ │               │   │   │   'required_program_keys': ['program_name'],     │ │
│ │               │   │   │   'program_schema': {                            │ │
│ │               │   │   │   │   'type': 'object',                          │ │
│ │               │   │   │   │   'properties': {                            │ │
│ │               │   │   │   │   │   'program_name': {'type': 'string'}     │ │
│ │               │   │   │   │   },                                         │ │
│ │               │   │   │   │   'required': ['program_name'],              │ │
│ │               │   │   │   │   'additionalProperties': True               │ │
│ │               │   │   │   },                                             │ │
│ │               │   │   │   'description': 'DNA delivery device run        │ │
│ │               (abstract)'                                                │ │
│ │               │   │   },                                                 │ │
│ │               │   │   'amplicon_readout_system': {                       │ │
│ │               │   │   │   'required_program_keys': ['program_name'],     │ │
│ │               │   │   │   'program_schema': {                            │ │
│ │               │   │   │   │   'type': 'object',                          │ │
│ │               │   │   │   │   'properties': {                            │ │
│ │               │   │   │   │   │   'program_name': {'type': 'string'}     │ │
│ │               │   │   │   │   },                                         │ │
│ │               │   │   │   │   'required': ['program_name'],              │ │
│ │               │   │   │   │   'additionalProperties': True               │ │
│ │               │   │   │   },                                             │ │
│ │               │   │   │   'description': 'amplicon readout system run    │ │
│ │               (abstract)'                                                │ │
│ │               │   │   }                                                  │ │
│ │               │   },                                                     │ │
│ │               │   modalities={                                           │ │
│ │               │   │   'microscope',                                      │ │
│ │               │   │   'visual',                                          │ │
│ │               │   │   'instrument_readout'                               │ │
│ │               │   },                                                     │ │
│ │               │   observation_features={                                 │ │
│ │               │   │   'confluency': {                                    │ │
│ │               │   │   │   'value_type': 'number',                        │ │
│ │               │   │   │   'constraints': {'min': 0, 'max': 100},         │ │
│ │               │   │   │   'description': 'confluency percentage'         │ │
│ │               │   │   },                                                 │ │
│ │               │   │   'morphology': {                                    │ │
│ │               │   │   │   'value_type': 'string',                        │ │
│ │               │   │   │   'constraints': {},                             │ │
│ │               │   │   │   'description': 'cell morphology category'      │ │
│ │               │   │   },                                                 │ │
│ │               │   │   'detached_enough': {                               │ │
│ │               │   │   │   'value_type': 'bool',                          │ │
│ │               │   │   │   'constraints': {},                             │ │
│ │               │   │   │   'description': 'cells detached sufficiently'   │ │
│ │               │   │   },                                                 │ │
│ │               │   │   'colonies_present': {                              │ │
│ │               │   │   │   'value_type': 'bool',                          │ │
│ │               │   │   │   'constraints': {},                             │ │
│ │               │   │   │   'description': 'colonies present on plate'     │ │
│ │               │   │   },                                                 │ │
│ │               │   │   'approx_count': {                                  │ │
│ │               │   │   │   'value_type': 'integer',                       │ │
│ │               │   │   │   'constraints': {'min': 0},                     │ │
│ │               │   │   │   'description': 'approximate count'             │ │
│ │               │   │   },                                                 │ │
│ │               │   │   'pass_fail': {                                     │ │
│ │               │   │   │   'value_type': 'bool',                          │ │
│ │               │   │   │   'constraints': {},                             │ │
│ │               │   │   │   'description': 'pass/fail judgement'           │ │
│ │               │   │   },                                                 │ │
│ │               │   │   'cell_count': {                                    │ │
│ │               │   │   │   'value_type': 'number',                        │ │
│ │               │   │   │   'constraints': {'min': 0},                     │ │
│ │               │   │   │   'description': 'cell count'                    │ │
│ │               │   │   },                                                 │ │
│ │               │   │   'viability': {                                     │ │
│ │               │   │   │   'value_type': 'number',                        │ │
│ │               │   │   │   'constraints': {'min': 0, 'max': 1},           │ │
│ │               │   │   │   'description': 'viability fraction'            │ │
│ │               │   │   },                                                 │ │
│ │               │   │   'band_pattern': {                                  │ │
│ │               │   │   │   'value_type': 'string',                        │ │
│ │               │   │   │   'constraints': {},                             │ │
│ │               │   │   │   'description': 'band pattern category or       │ │
│ │               description'                                               │ │
│ │               │   │   },                                                 │ │
│ │               │   │   'candidate_colonies': {                            │ │
│ │               │   │   │   'value_type': 'string',                        │ │
│ │               │   │   │   'constraints': {},                             │ │
│ │               │   │   │   'description': 'candidate colony locations     │ │
│ │               (encoded)'                                                 │ │
│ │               │   │   }                                                  │ │
│ │               │   }                                                      │ │
│ │               )                                                          │ │
│ ╰──────────────────────────────────────────────────────────────────────────╯ │
│                                                                              │
│ /users/hideto/Project/ENZYME/src/enzyme/validator.py:316 in validate_core    │
│                                                                              │
│   313 │                                                                      │
│   314 │   issues.extend(_check_core_ops(protocol, registry))                 │
│   315 │   for step in protocol.get("steps", []):                             │
│ ❱ 316 │   │   issues.extend(_check_registry(step, detail_level, registry, cu │
│   317 │   issues.extend(_check_refs(data))                                   │
│   318 │   issues.extend(_check_graph(protocol))                              │
│   319 │   issues.extend(_check_units(data))                                  │
│                                                                              │
│ ╭───────────────────────────────── locals ─────────────────────────────────╮ │
│ │ custom_registry = {                                                      │ │
│ │                   │   'action_kinds': {},                                │ │
│ │                   │   'device_kinds': {},                                │ │
│ │                   │   'modalities': set(),                               │ │
│ │                   │   'observation_features': {}                         │ │
│ │                   }                                                      │ │
│ │            data = {                                                      │ │
│ │                   │   'ir_kind': 'core',                                 │ │
│ │                   │   'metadata': {                                      │ │
│ │                   │   │   'source': {                                    │ │
│ │                   │   │   │   'id': 's41467-021-27464-5',                │ │
│ │                   │   │   │   'type': 'paper'                            │ │
│ │                   │   │   },                                             │ │
│ │                   │   │   'title': 'Chronoamperometric dopamine          │ │
│ │                   detection'                                             │ │
│ │                   │   },                                                 │ │
│ │                   │   'protocol': {                                      │ │
│ │                   │   │   'detail_level': 0,                             │ │
│ │                   │   │   'edges': [                                     │ │
│ │                   │   │   │   {'from': 's1', 'to': 's2'},                │ │
│ │                   │   │   │   {'from': 's2', 'to': 's3'},                │ │
│ │                   │   │   │   {'from': 's3', 'to': 's4'},                │ │
│ │                   │   │   │   {'from': 's4', 'to': 's5'},                │ │
│ │                   │   │   │   {'from': 's5', 'to': 's6'}                 │ │
│ │                   │   │   ],                                             │ │
│ │                   │   │   'start_step_id': 's1',                         │ │
│ │                   │   │   'steps': [                                     │ │
│ │                   │   │   │   {                                          │ │
│ │                   │   │   │   │   'annotations': {},                     │ │
│ │                   │   │   │   │   'id': 's1',                            │ │
│ │                   │   │   │   │   'inputs': [],                          │ │
│ │                   │   │   │   │   'op': 'allocate',                      │ │
│ │                   │   │   │   │   'outputs': [                           │ │
│ │                   │   │   │   │   │   {'id': 'org1', 'kind': 'sample'}   │ │
│ │                   │   │   │   │   ],                                     │ │
│ │                   │   │   │   │   'params': {}                           │ │
│ │                   │   │   │   },                                         │ │
│ │                   │   │   │   {                                          │ │
│ │                   │   │   │   │   'annotations': {},                     │ │
│ │                   │   │   │   │   'id': 's2',                            │ │
│ │                   │   │   │   │   'inputs': [],                          │ │
│ │                   │   │   │   │   'op': 'allocate',                      │ │
│ │                   │   │   │   │   'outputs': [                           │ │
│ │                   │   │   │   │   │   {                                  │ │
│ │                   │   │   │   │   │   │   'id': 'buf1',                  │ │
│ │                   │   │   │   │   │   │   'kind': 'material'             │ │
│ │                   │   │   │   │   │   }                                  │ │
│ │                   │   │   │   │   ],                                     │ │
│ │                   │   │   │   │   'params': {}                           │ │
│ │                   │   │   │   },                                         │ │
│ │                   │   │   │   {                                          │ │
│ │                   │   │   │   │   'annotations': {},                     │ │
│ │                   │   │   │   │   'id': 's3',                            │ │
│ │                   │   │   │   │   'inputs': [],                          │ │
│ │                   │   │   │   │   'op': 'allocate',                      │ │
│ │                   │   │   │   │   'outputs': [                           │ │
│ │                   │   │   │   │   │   {                                  │ │
│ │                   │   │   │   │   │   │   'id': 'setup1',                │ │
│ │                   │   │   │   │   │   │   'kind': 'equipment'            │ │
│ │                   │   │   │   │   │   }                                  │ │
│ │                   │   │   │   │   ],                                     │ │
│ │                   │   │   │   │   'params': {}                           │ │
│ │                   │   │   │   },                                         │ │
│ │                   │   │   │   {                                          │ │
│ │                   │   │   │   │   'annotations': {                       │ │
│ │                   │   │   │   │   │   'note': 'The organoid was placed   │ │
│ │                   on the working electrode immersed in baseline buffer.' │ │
│ │                   │   │   │   │   },                                     │ │
│ │                   │   │   │   │   'id': 's4',                            │ │
│ │                   │   │   │   │   'inputs': [],                          │ │
│ │                   │   │   │   │   'op': 'annotate',                      │ │
│ │                   │   │   │   │   'outputs': [],                         │ │
│ │                   │   │   │   │   'params': {}                           │ │
│ │                   │   │   │   },                                         │ │
│ │                   │   │   │   {                                          │ │
│ │                   │   │   │   │   'annotations': {                       │ │
│ │                   │   │   │   │   │   'note': 'A constant potential was  │ │
│ │                   applied.'                                              │ │
│ │                   │   │   │   │   },                                     │ │
│ │                   │   │   │   │   'id': 's5',                            │ │
│ │                   │   │   │   │   'inputs': [],                          │ │
│ │                   │   │   │   │   'op': 'annotate',                      │ │
│ │                   │   │   │   │   'outputs': [],                         │ │
│ │                   │   │   │   │   'params': {}                           │ │
│ │                   │   │   │   },                                         │ │
│ │                   │   │   │   {                                          │ │
│ │                   │   │   │   │   'annotations': {},                     │ │
│ │                   │   │   │   │   'id': 's6',                            │ │
│ │                   │   │   │   │   'inputs': [                            │ │
│ │                   │   │   │   │   │   {                                  │ │
│ │                   │   │   │   │   │   │   'id': 'setup1',                │ │
│ │                   │   │   │   │   │   │   'kind': 'equipment'            │ │
│ │                   │   │   │   │   │   }                                  │ │
│ │                   │   │   │   │   ],                                     │ │
│ │                   │   │   │   │   'op': 'observe',                       │ │
│ │                   │   │   │   │   'outputs': [                           │ │
│ │                   │   │   │   │   │   {'id': 'data1', 'kind': 'data'}    │ │
│ │                   │   │   │   │   ],                                     │ │
│ │                   │   │   │   │   'params': {                            │ │
│ │                   │   │   │   │   │   'features': ['current'],           │ │
│ │                   │   │   │   │   │   'modality': 'instrument_readout'   │ │
│ │                   │   │   │   │   }                                      │ │
│ │                   │   │   │   }                                          │ │
│ │                   │   │   ]                                              │ │
│ │                   │   },                                                 │ │
│ │                   │   'resources': {                                     │ │
│ │                   │   │   'containers': [],                              │ │
│ │                   │   │   'data': [                                      │ │
│ │                   │   │   │   {'id': 'data1', 'name': 'current trace'}   │ │
│ │                   │   │   ],                                             │ │
│ │                   │   │   'equipment': [                                 │ │
│ │                   │   │   │   {                                          │ │
│ │                   │   │   │   │   'id': 'setup1',                        │ │
│ │                   │   │   │   │   'name': 'three‑electrode setup'        │ │
│ │                   │   │   │   }                                          │ │
│ │                   │   │   ],                                             │ │
│ │                   │   │   'materials': [                                 │ │
│ │                   │   │   │   {                                          │ │
│ │                   │   │   │   │   'id': 'buf1',                          │ │
│ │                   │   │   │   │   'name': 'baseline buffer'              │ │
│ │                   │   │   │   }                                          │ │
│ │                   │   │   ],                                             │ │
│ │                   │   │   'samples': [                                   │ │
│ │                   │   │   │   {'id': 'org1', 'name': 'organoid'}         │ │
│ │                   │   │   ]                                              │ │
│ │                   │   },                                                 │ │
│ │                   │   'schema_version': '0.4'                            │ │
│ │                   }                                                      │ │
│ │    detail_level = 0                                                      │ │
│ │          issues = [                                                      │ │
│ │                   │   Issue(                                             │ │
│ │                   │   │   code='SCHEMA_INVALID',                         │ │
│ │                   │   │   severity='error',                              │ │
│ │                   │   │   path='/resources/equipment/0',                 │ │
│ │                   │   │   message="'type' is a required property",       │ │
│ │                   │   │   suggested_fix=None                             │ │
│ │                   │   ),                                                 │ │
│ │                   │   Issue(                                             │ │
│ │                   │   │   code='SCHEMA_INVALID',                         │ │
│ │                   │   │   severity='error',                              │ │
│ │                   │   │   path='/protocol/steps/0/params',               │ │
│ │                   │   │   message="'allocate_kind' is a required         │ │
│ │                   property",                                             │ │
│ │                   │   │   suggested_fix=None                             │ │
│ │                   │   ),                                                 │ │
│ │                   │   Issue(                                             │ │
│ │                   │   │   code='SCHEMA_INVALID',                         │ │
│ │                   │   │   severity='error',                              │ │
│ │                   │   │   path='/protocol/steps/1/params',               │ │
│ │                   │   │   message="'allocate_kind' is a required         │ │
│ │                   property",                                             │ │
│ │                   │   │   suggested_fix=None                             │ │
│ │                   │   ),                                                 │ │
│ │                   │   Issue(                                             │ │
│ │                   │   │   code='SCHEMA_INVALID',                         │ │
│ │                   │   │   severity='error',                              │ │
│ │                   │   │   path='/protocol/steps/2/params',               │ │
│ │                   │   │   message="'allocate_kind' is a required         │ │
│ │                   property",                                             │ │
│ │                   │   │   suggested_fix=None                             │ │
│ │                   │   )                                                  │ │
│ │                   ]                                                      │ │
│ │        protocol = {                                                      │ │
│ │                   │   'detail_level': 0,                                 │ │
│ │                   │   'edges': [                                         │ │
│ │                   │   │   {'from': 's1', 'to': 's2'},                    │ │
│ │                   │   │   {'from': 's2', 'to': 's3'},                    │ │
│ │                   │   │   {'from': 's3', 'to': 's4'},                    │ │
│ │                   │   │   {'from': 's4', 'to': 's5'},                    │ │
│ │                   │   │   {'from': 's5', 'to': 's6'}                     │ │
│ │                   │   ],                                                 │ │
│ │                   │   'start_step_id': 's1',                             │ │
│ │                   │   'steps': [                                         │ │
│ │                   │   │   {                                              │ │
│ │                   │   │   │   'annotations': {},                         │ │
│ │                   │   │   │   'id': 's1',                                │ │
│ │                   │   │   │   'inputs': [],                              │ │
│ │                   │   │   │   'op': 'allocate',                          │ │
│ │                   │   │   │   'outputs': [                               │ │
│ │                   │   │   │   │   {'id': 'org1', 'kind': 'sample'}       │ │
│ │                   │   │   │   ],                                         │ │
│ │                   │   │   │   'params': {}                               │ │
│ │                   │   │   },                                             │ │
│ │                   │   │   {                                              │ │
│ │                   │   │   │   'annotations': {},                         │ │
│ │                   │   │   │   'id': 's2',                                │ │
│ │                   │   │   │   'inputs': [],                              │ │
│ │                   │   │   │   'op': 'allocate',                          │ │
│ │                   │   │   │   'outputs': [                               │ │
│ │                   │   │   │   │   {'id': 'buf1', 'kind': 'material'}     │ │
│ │                   │   │   │   ],                                         │ │
│ │                   │   │   │   'params': {}                               │ │
│ │                   │   │   },                                             │ │
│ │                   │   │   {                                              │ │
│ │                   │   │   │   'annotations': {},                         │ │
│ │                   │   │   │   'id': 's3',                                │ │
│ │                   │   │   │   'inputs': [],                              │ │
│ │                   │   │   │   'op': 'allocate',                          │ │
│ │                   │   │   │   'outputs': [                               │ │
│ │                   │   │   │   │   {                                      │ │
│ │                   │   │   │   │   │   'id': 'setup1',                    │ │
│ │                   │   │   │   │   │   'kind': 'equipment'                │ │
│ │                   │   │   │   │   }                                      │ │
│ │                   │   │   │   ],                                         │ │
│ │                   │   │   │   'params': {}                               │ │
│ │                   │   │   },                                             │ │
│ │                   │   │   {                                              │ │
│ │                   │   │   │   'annotations': {                           │ │
│ │                   │   │   │   │   'note': 'The organoid was placed on    │ │
│ │                   the working electrode immersed in baseline buffer.'    │ │
│ │                   │   │   │   },                                         │ │
│ │                   │   │   │   'id': 's4',                                │ │
│ │                   │   │   │   'inputs': [],                              │ │
│ │                   │   │   │   'op': 'annotate',                          │ │
│ │                   │   │   │   'outputs': [],                             │ │
│ │                   │   │   │   'params': {}                               │ │
│ │                   │   │   },                                             │ │
│ │                   │   │   {                                              │ │
│ │                   │   │   │   'annotations': {                           │ │
│ │                   │   │   │   │   'note': 'A constant potential was      │ │
│ │                   applied.'                                              │ │
│ │                   │   │   │   },                                         │ │
│ │                   │   │   │   'id': 's5',                                │ │
│ │                   │   │   │   'inputs': [],                              │ │
│ │                   │   │   │   'op': 'annotate',                          │ │
│ │                   │   │   │   'outputs': [],                             │ │
│ │                   │   │   │   'params': {}                               │ │
│ │                   │   │   },                                             │ │
│ │                   │   │   {                                              │ │
│ │                   │   │   │   'annotations': {},                         │ │
│ │                   │   │   │   'id': 's6',                                │ │
│ │                   │   │   │   'inputs': [                                │ │
│ │                   │   │   │   │   {                                      │ │
│ │                   │   │   │   │   │   'id': 'setup1',                    │ │
│ │                   │   │   │   │   │   'kind': 'equipment'                │ │
│ │                   │   │   │   │   }                                      │ │
│ │                   │   │   │   ],                                         │ │
│ │                   │   │   │   'op': 'observe',                           │ │
│ │                   │   │   │   'outputs': [                               │ │
│ │                   │   │   │   │   {'id': 'data1', 'kind': 'data'}        │ │
│ │                   │   │   │   ],                                         │ │
│ │                   │   │   │   'params': {                                │ │
│ │                   │   │   │   │   'features': ['current'],               │ │
│ │                   │   │   │   │   'modality': 'instrument_readout'       │ │
│ │                   │   │   │   }                                          │ │
│ │                   │   │   }                                              │ │
│ │                   │   ]                                                  │ │
│ │                   }                                                      │ │
│ │        registry = Registry(                                              │ │
│ │                   │   core_ops={                                         │ │
│ │                   │   │   'dispose',                                     │ │
│ │                   │   │   'allocate',                                    │ │
│ │                   │   │   'transfer',                                    │ │
│ │                   │   │   'run_device',                                  │ │
│ │                   │   │   'manipulate',                                  │ │
│ │                   │   │   'observe',                                     │ │
│ │                   │   │   'annotate'                                     │ │
│ │                   │   },                                                 │ │
│ │                   │   action_kinds={                                     │ │
│ │                   │   │   'mix': {                                       │ │
│ │                   │   │   │   'required_settings_keys': [],              │ │
│ │                   │   │   │   'settings_schema': {                       │ │
│ │                   │   │   │   │   'type': 'object',                      │ │
│ │                   │   │   │   │   'additionalProperties': True           │ │
│ │                   │   │   │   },                                         │ │
│ │                   │   │   │   'description': 'mix by human hand          │ │
│ │                   (generic)'                                             │ │
│ │                   │   │   },                                             │ │
│ │                   │   │   'mix_gently': {                                │ │
│ │                   │   │   │   'required_settings_keys': [],              │ │
│ │                   │   │   │   'settings_schema': {                       │ │
│ │                   │   │   │   │   'type': 'object',                      │ │
│ │                   │   │   │   │   'additionalProperties': True           │ │
│ │                   │   │   │   },                                         │ │
│ │                   │   │   │   'description': 'gentle mixing by human     │ │
│ │                   hand'                                                  │ │
│ │                   │   │   },                                             │ │
│ │                   │   │   'resuspend': {                                 │ │
│ │                   │   │   │   'required_settings_keys': [],              │ │
│ │                   │   │   │   'settings_schema': {                       │ │
│ │                   │   │   │   │   'type': 'object',                      │ │
│ │                   │   │   │   │   'additionalProperties': True           │ │
│ │                   │   │   │   },                                         │ │
│ │                   │   │   │   'description': 'resuspend pellet or cells' │ │
│ │                   │   │   },                                             │ │
│ │                   │   │   'rinse': {                                     │ │
│ │                   │   │   │   'required_settings_keys': [],              │ │
│ │                   │   │   │   'settings_schema': {                       │ │
│ │                   │   │   │   │   'type': 'object',                      │ │
│ │                   │   │   │   │   'additionalProperties': True           │ │
│ │                   │   │   │   },                                         │ │
│ │                   │   │   │   'description': 'rinse/wash vessel          │ │
│ │                   manually'                                              │ │
│ │                   │   │   },                                             │ │
│ │                   │   │   'spread_on_plate': {                           │ │
│ │                   │   │   │   'required_settings_keys': [],              │ │
│ │                   │   │   │   'settings_schema': {                       │ │
│ │                   │   │   │   │   'type': 'object',                      │ │
│ │                   │   │   │   │   'additionalProperties': True           │ │
│ │                   │   │   │   },                                         │ │
│ │                   │   │   │   'description': 'spread sample on plate     │ │
│ │                   manually'                                              │ │
│ │                   │   │   },                                             │ │
│ │                   │   │   'pick_colony': {                               │ │
│ │                   │   │   │   'required_settings_keys': [                │ │
│ │                   │   │   │   │   'pick_target'                          │ │
│ │                   │   │   │   ],                                         │ │
│ │                   │   │   │   'settings_schema': {                       │ │
│ │                   │   │   │   │   'type': 'object',                      │ │
│ │                   │   │   │   │   'properties': {                        │ │
│ │                   │   │   │   │   │   'pick_target': {                   │ │
│ │                   │   │   │   │   │   │   'type': 'string'               │ │
│ │                   │   │   │   │   │   }                                  │ │
│ │                   │   │   │   │   },                                     │ │
│ │                   │   │   │   │   'required': ['pick_target'],           │ │
│ │                   │   │   │   │   'additionalProperties': True           │ │
│ │                   │   │   │   },                                         │ │
│ │                   │   │   │   'description': 'pick colony from plate     │ │
│ │                   manually'                                              │ │
│ │                   │   │   },                                             │ │
│ │                   │   │   'dislodge_cells': {                            │ │
│ │                   │   │   │   'required_settings_keys': [],              │ │
│ │                   │   │   │   'settings_schema': {                       │ │
│ │                   │   │   │   │   'type': 'object',                      │ │
│ │                   │   │   │   │   'additionalProperties': True           │ │
│ │                   │   │   │   },                                         │ │
│ │                   │   │   │   'description': 'dislodge/detach cells by   │ │
│ │                   gentle tapping/pipetting etc (manual)'                 │ │
│ │                   │   │   },                                             │ │
│ │                   │   │   'label': {                                     │ │
│ │                   │   │   │   'required_settings_keys': ['text'],        │ │
│ │                   │   │   │   'settings_schema': {                       │ │
│ │                   │   │   │   │   'type': 'object',                      │ │
│ │                   │   │   │   │   'properties': {                        │ │
│ │                   │   │   │   │   │   'text': {'type': 'string'}         │ │
│ │                   │   │   │   │   },                                     │ │
│ │                   │   │   │   │   'required': ['text'],                  │ │
│ │                   │   │   │   │   'additionalProperties': True           │ │
│ │                   │   │   │   },                                         │ │
│ │                   │   │   │   'description': 'label container/sample'    │ │
│ │                   │   │   }                                              │ │
│ │                   │   },                                                 │ │
│ │                   │   device_kinds={                                     │ │
│ │                   │   │   'incubator': {                                 │ │
│ │                   │   │   │   'required_program_keys': [                 │ │
│ │                   │   │   │   │   'program_name'                         │ │
│ │                   │   │   │   ],                                         │ │
│ │                   │   │   │   'program_schema': {                        │ │
│ │                   │   │   │   │   'type': 'object',                      │ │
│ │                   │   │   │   │   'properties': {                        │ │
│ │                   │   │   │   │   │   'program_name': {                  │ │
│ │                   │   │   │   │   │   │   'type': 'string'               │ │
│ │                   │   │   │   │   │   }                                  │ │
│ │                   │   │   │   │   },                                     │ │
│ │                   │   │   │   │   'required': ['program_name'],          │ │
│ │                   │   │   │   │   'additionalProperties': True           │ │
│ │                   │   │   │   },                                         │ │
│ │                   │   │   │   'description': 'incubator run'             │ │
│ │                   │   │   },                                             │ │
│ │                   │   │   'thermocycler': {                              │ │
│ │                   │   │   │   'required_program_keys': [                 │ │
│ │                   │   │   │   │   'profile_name'                         │ │
│ │                   │   │   │   ],                                         │ │
│ │                   │   │   │   'program_schema': {                        │ │
│ │                   │   │   │   │   'type': 'object',                      │ │
│ │                   │   │   │   │   'properties': {                        │ │
│ │                   │   │   │   │   │   'profile_name': {                  │ │
│ │                   │   │   │   │   │   │   'type': 'string'               │ │
│ │                   │   │   │   │   │   }                                  │ │
│ │                   │   │   │   │   },                                     │ │
│ │                   │   │   │   │   'required': ['profile_name'],          │ │
│ │                   │   │   │   │   'additionalProperties': True           │ │
│ │                   │   │   │   },                                         │ │
│ │                   │   │   │   'description': 'thermocycler run'          │ │
│ │                   │   │   },                                             │ │
│ │                   │   │   'centrifuge': {                                │ │
│ │                   │   │   │   'required_program_keys': [                 │ │
│ │                   │   │   │   │   'program_name'                         │ │
│ │                   │   │   │   ],                                         │ │
│ │                   │   │   │   'program_schema': {                        │ │
│ │                   │   │   │   │   'type': 'object',                      │ │
│ │                   │   │   │   │   'properties': {                        │ │
│ │                   │   │   │   │   │   'program_name': {                  │ │
│ │                   │   │   │   │   │   │   'type': 'string'               │ │
│ │                   │   │   │   │   │   }                                  │ │
│ │                   │   │   │   │   },                                     │ │
│ │                   │   │   │   │   'required': ['program_name'],          │ │
│ │                   │   │   │   │   'additionalProperties': True           │ │
│ │                   │   │   │   },                                         │ │
│ │                   │   │   │   'description': 'centrifuge run'            │ │
│ │                   │   │   },                                             │ │
│ │                   │   │   'plate_reader': {                              │ │
│ │                   │   │   │   'required_program_keys': [                 │ │
│ │                   │   │   │   │   'program_name'                         │ │
│ │                   │   │   │   ],                                         │ │
│ │                   │   │   │   'program_schema': {                        │ │
│ │                   │   │   │   │   'type': 'object',                      │ │
│ │                   │   │   │   │   'properties': {                        │ │
│ │                   │   │   │   │   │   'program_name': {                  │ │
│ │                   │   │   │   │   │   │   'type': 'string'               │ │
│ │                   │   │   │   │   │   }                                  │ │
│ │                   │   │   │   │   },                                     │ │
│ │                   │   │   │   │   'required': ['program_name'],          │ │
│ │                   │   │   │   │   'additionalProperties': True           │ │
│ │                   │   │   │   },                                         │ │
│ │                   │   │   │   'description': 'plate reader run'          │ │
│ │                   │   │   },                                             │ │
│ │                   │   │   'imager': {                                    │ │
│ │                   │   │   │   'required_program_keys': [                 │ │
│ │                   │   │   │   │   'program_name'                         │ │
│ │                   │   │   │   ],                                         │ │
│ │                   │   │   │   'program_schema': {                        │ │
│ │                   │   │   │   │   'type': 'object',                      │ │
│ │                   │   │   │   │   'properties': {                        │ │
│ │                   │   │   │   │   │   'program_name': {                  │ │
│ │                   │   │   │   │   │   │   'type': 'string'               │ │
│ │                   │   │   │   │   │   }                                  │ │
│ │                   │   │   │   │   },                                     │ │
│ │                   │   │   │   │   'required': ['program_name'],          │ │
│ │                   │   │   │   │   'additionalProperties': True           │ │
│ │                   │   │   │   },                                         │ │
│ │                   │   │   │   'description': 'imaging device run'        │ │
│ │                   │   │   },                                             │ │
│ │                   │   │   'cell_counter': {                              │ │
│ │                   │   │   │   'required_program_keys': [                 │ │
│ │                   │   │   │   │   'program_name'                         │ │
│ │                   │   │   │   ],                                         │ │
│ │                   │   │   │   'program_schema': {                        │ │
│ │                   │   │   │   │   'type': 'object',                      │ │
│ │                   │   │   │   │   'properties': {                        │ │
│ │                   │   │   │   │   │   'program_name': {                  │ │
│ │                   │   │   │   │   │   │   'type': 'string'               │ │
│ │                   │   │   │   │   │   }                                  │ │
│ │                   │   │   │   │   },                                     │ │
│ │                   │   │   │   │   'required': ['program_name'],          │ │
│ │                   │   │   │   │   'additionalProperties': True           │ │
│ │                   │   │   │   },                                         │ │
│ │                   │   │   │   'description': 'cell counter run'          │ │
│ │                   │   │   },                                             │ │
│ │                   │   │   'dna_delivery_device': {                       │ │
│ │                   │   │   │   'required_program_keys': [                 │ │
│ │                   │   │   │   │   'program_name'                         │ │
│ │                   │   │   │   ],                                         │ │
│ │                   │   │   │   'program_schema': {                        │ │
│ │                   │   │   │   │   'type': 'object',                      │ │
│ │                   │   │   │   │   'properties': {                        │ │
│ │                   │   │   │   │   │   'program_name': {                  │ │
│ │                   │   │   │   │   │   │   'type': 'string'               │ │
│ │                   │   │   │   │   │   }                                  │ │
│ │                   │   │   │   │   },                                     │ │
│ │                   │   │   │   │   'required': ['program_name'],          │ │
│ │                   │   │   │   │   'additionalProperties': True           │ │
│ │                   │   │   │   },                                         │ │
│ │                   │   │   │   'description': 'DNA delivery device run    │ │
│ │                   (abstract)'                                            │ │
│ │                   │   │   },                                             │ │
│ │                   │   │   'amplicon_readout_system': {                   │ │
│ │                   │   │   │   'required_program_keys': [                 │ │
│ │                   │   │   │   │   'program_name'                         │ │
│ │                   │   │   │   ],                                         │ │
│ │                   │   │   │   'program_schema': {                        │ │
│ │                   │   │   │   │   'type': 'object',                      │ │
│ │                   │   │   │   │   'properties': {                        │ │
│ │                   │   │   │   │   │   'program_name': {                  │ │
│ │                   │   │   │   │   │   │   'type': 'string'               │ │
│ │                   │   │   │   │   │   }                                  │ │
│ │                   │   │   │   │   },                                     │ │
│ │                   │   │   │   │   'required': ['program_name'],          │ │
│ │                   │   │   │   │   'additionalProperties': True           │ │
│ │                   │   │   │   },                                         │ │
│ │                   │   │   │   'description': 'amplicon readout system    │ │
│ │                   run (abstract)'                                        │ │
│ │                   │   │   }                                              │ │
│ │                   │   },                                                 │ │
│ │                   │   modalities={                                       │ │
│ │                   │   │   'microscope',                                  │ │
│ │                   │   │   'visual',                                      │ │
│ │                   │   │   'instrument_readout'                           │ │
│ │                   │   },                                                 │ │
│ │                   │   observation_features={                             │ │
│ │                   │   │   'confluency': {                                │ │
│ │                   │   │   │   'value_type': 'number',                    │ │
│ │                   │   │   │   'constraints': {'min': 0, 'max': 100},     │ │
│ │                   │   │   │   'description': 'confluency percentage'     │ │
│ │                   │   │   },                                             │ │
│ │                   │   │   'morphology': {                                │ │
│ │                   │   │   │   'value_type': 'string',                    │ │
│ │                   │   │   │   'constraints': {},                         │ │
│ │                   │   │   │   'description': 'cell morphology category'  │ │
│ │                   │   │   },                                             │ │
│ │                   │   │   'detached_enough': {                           │ │
│ │                   │   │   │   'value_type': 'bool',                      │ │
│ │                   │   │   │   'constraints': {},                         │ │
│ │                   │   │   │   'description': 'cells detached             │ │
│ │                   sufficiently'                                          │ │
│ │                   │   │   },                                             │ │
│ │                   │   │   'colonies_present': {                          │ │
│ │                   │   │   │   'value_type': 'bool',                      │ │
│ │                   │   │   │   'constraints': {},                         │ │
│ │                   │   │   │   'description': 'colonies present on plate' │ │
│ │                   │   │   },                                             │ │
│ │                   │   │   'approx_count': {                              │ │
│ │                   │   │   │   'value_type': 'integer',                   │ │
│ │                   │   │   │   'constraints': {'min': 0},                 │ │
│ │                   │   │   │   'description': 'approximate count'         │ │
│ │                   │   │   },                                             │ │
│ │                   │   │   'pass_fail': {                                 │ │
│ │                   │   │   │   'value_type': 'bool',                      │ │
│ │                   │   │   │   'constraints': {},                         │ │
│ │                   │   │   │   'description': 'pass/fail judgement'       │ │
│ │                   │   │   },                                             │ │
│ │                   │   │   'cell_count': {                                │ │
│ │                   │   │   │   'value_type': 'number',                    │ │
│ │                   │   │   │   'constraints': {'min': 0},                 │ │
│ │                   │   │   │   'description': 'cell count'                │ │
│ │                   │   │   },                                             │ │
│ │                   │   │   'viability': {                                 │ │
│ │                   │   │   │   'value_type': 'number',                    │ │
│ │                   │   │   │   'constraints': {'min': 0, 'max': 1},       │ │
│ │                   │   │   │   'description': 'viability fraction'        │ │
│ │                   │   │   },                                             │ │
│ │                   │   │   'band_pattern': {                              │ │
│ │                   │   │   │   'value_type': 'string',                    │ │
│ │                   │   │   │   'constraints': {},                         │ │
│ │                   │   │   │   'description': 'band pattern category or   │ │
│ │                   description'                                           │ │
│ │                   │   │   },                                             │ │
│ │                   │   │   'candidate_colonies': {                        │ │
│ │                   │   │   │   'value_type': 'string',                    │ │
│ │                   │   │   │   'constraints': {},                         │ │
│ │                   │   │   │   'description': 'candidate colony locations │ │
│ │                   (encoded)'                                             │ │
│ │                   │   │   }                                              │ │
│ │                   │   }                                                  │ │
│ │                   )                                                      │ │
│ │     schema_path = '/users/hideto/Project/ENZYME/enzyme_ir/schema_core.j… │ │
│ │            step = {                                                      │ │
│ │                   │   'annotations': {},                                 │ │
│ │                   │   'id': 's6',                                        │ │
│ │                   │   'inputs': [                                        │ │
│ │                   │   │   {'id': 'setup1', 'kind': 'equipment'}          │ │
│ │                   │   ],                                                 │ │
│ │                   │   'op': 'observe',                                   │ │
│ │                   │   'outputs': [{'id': 'data1', 'kind': 'data'}],      │ │
│ │                   │   'params': {                                        │ │
│ │                   │   │   'features': ['current'],                       │ │
│ │                   │   │   'modality': 'instrument_readout'               │ │
│ │                   │   }                                                  │ │
│ │                   }                                                      │ │
│ ╰──────────────────────────────────────────────────────────────────────────╯ │
│                                                                              │
│ /users/hideto/Project/ENZYME/src/enzyme/validator.py:123 in _check_registry  │
│                                                                              │
│   120 │   │   ):                                                             │
│   121 │   │   │   issues.append(unknown_issue("UNKNOWN_MODALITY", f"/protoco │
│   122 │   │   features = step.get("params", {}).get("features", {})          │
│ ❱ 123 │   │   for feature_key in features.keys():                            │
│   124 │   │   │   if feature_key not in registry.observation_features and no │
│   125 │   │   │   │   custom, "observation_features", feature_key            │
│   126 │   │   │   ):                                                         │
│                                                                              │
│ ╭───────────────────────────────── locals ─────────────────────────────────╮ │
│ │       custom = {                                                         │ │
│ │                │   'action_kinds': {},                                   │ │
│ │                │   'device_kinds': {},                                   │ │
│ │                │   'modalities': set(),                                  │ │
│ │                │   'observation_features': {}                            │ │
│ │                }                                                         │ │
│ │ detail_level = 0                                                         │ │
│ │     features = ['current']                                               │ │
│ │       issues = []                                                        │ │
│ │     modality = 'instrument_readout'                                      │ │
│ │     registry = Registry(                                                 │ │
│ │                │   core_ops={                                            │ │
│ │                │   │   'dispose',                                        │ │
│ │                │   │   'allocate',                                       │ │
│ │                │   │   'transfer',                                       │ │
│ │                │   │   'run_device',                                     │ │
│ │                │   │   'manipulate',                                     │ │
│ │                │   │   'observe',                                        │ │
│ │                │   │   'annotate'                                        │ │
│ │                │   },                                                    │ │
│ │                │   action_kinds={                                        │ │
│ │                │   │   'mix': {                                          │ │
│ │                │   │   │   'required_settings_keys': [],                 │ │
│ │                │   │   │   'settings_schema': {                          │ │
│ │                │   │   │   │   'type': 'object',                         │ │
│ │                │   │   │   │   'additionalProperties': True              │ │
│ │                │   │   │   },                                            │ │
│ │                │   │   │   'description': 'mix by human hand (generic)'  │ │
│ │                │   │   },                                                │ │
│ │                │   │   'mix_gently': {                                   │ │
│ │                │   │   │   'required_settings_keys': [],                 │ │
│ │                │   │   │   'settings_schema': {                          │ │
│ │                │   │   │   │   'type': 'object',                         │ │
│ │                │   │   │   │   'additionalProperties': True              │ │
│ │                │   │   │   },                                            │ │
│ │                │   │   │   'description': 'gentle mixing by human hand'  │ │
│ │                │   │   },                                                │ │
│ │                │   │   'resuspend': {                                    │ │
│ │                │   │   │   'required_settings_keys': [],                 │ │
│ │                │   │   │   'settings_schema': {                          │ │
│ │                │   │   │   │   'type': 'object',                         │ │
│ │                │   │   │   │   'additionalProperties': True              │ │
│ │                │   │   │   },                                            │ │
│ │                │   │   │   'description': 'resuspend pellet or cells'    │ │
│ │                │   │   },                                                │ │
│ │                │   │   'rinse': {                                        │ │
│ │                │   │   │   'required_settings_keys': [],                 │ │
│ │                │   │   │   'settings_schema': {                          │ │
│ │                │   │   │   │   'type': 'object',                         │ │
│ │                │   │   │   │   'additionalProperties': True              │ │
│ │                │   │   │   },                                            │ │
│ │                │   │   │   'description': 'rinse/wash vessel manually'   │ │
│ │                │   │   },                                                │ │
│ │                │   │   'spread_on_plate': {                              │ │
│ │                │   │   │   'required_settings_keys': [],                 │ │
│ │                │   │   │   'settings_schema': {                          │ │
│ │                │   │   │   │   'type': 'object',                         │ │
│ │                │   │   │   │   'additionalProperties': True              │ │
│ │                │   │   │   },                                            │ │
│ │                │   │   │   'description': 'spread sample on plate        │ │
│ │                manually'                                                 │ │
│ │                │   │   },                                                │ │
│ │                │   │   'pick_colony': {                                  │ │
│ │                │   │   │   'required_settings_keys': ['pick_target'],    │ │
│ │                │   │   │   'settings_schema': {                          │ │
│ │                │   │   │   │   'type': 'object',                         │ │
│ │                │   │   │   │   'properties': {                           │ │
│ │                │   │   │   │   │   'pick_target': {'type': 'string'}     │ │
│ │                │   │   │   │   },                                        │ │
│ │                │   │   │   │   'required': ['pick_target'],              │ │
│ │                │   │   │   │   'additionalProperties': True              │ │
│ │                │   │   │   },                                            │ │
│ │                │   │   │   'description': 'pick colony from plate        │ │
│ │                manually'                                                 │ │
│ │                │   │   },                                                │ │
│ │                │   │   'dislodge_cells': {                               │ │
│ │                │   │   │   'required_settings_keys': [],                 │ │
│ │                │   │   │   'settings_schema': {                          │ │
│ │                │   │   │   │   'type': 'object',                         │ │
│ │                │   │   │   │   'additionalProperties': True              │ │
│ │                │   │   │   },                                            │ │
│ │                │   │   │   'description': 'dislodge/detach cells by      │ │
│ │                gentle tapping/pipetting etc (manual)'                    │ │
│ │                │   │   },                                                │ │
│ │                │   │   'label': {                                        │ │
│ │                │   │   │   'required_settings_keys': ['text'],           │ │
│ │                │   │   │   'settings_schema': {                          │ │
│ │                │   │   │   │   'type': 'object',                         │ │
│ │                │   │   │   │   'properties': {                           │ │
│ │                │   │   │   │   │   'text': {'type': 'string'}            │ │
│ │                │   │   │   │   },                                        │ │
│ │                │   │   │   │   'required': ['text'],                     │ │
│ │                │   │   │   │   'additionalProperties': True              │ │
│ │                │   │   │   },                                            │ │
│ │                │   │   │   'description': 'label container/sample'       │ │
│ │                │   │   }                                                 │ │
│ │                │   },                                                    │ │
│ │                │   device_kinds={                                        │ │
│ │                │   │   'incubator': {                                    │ │
│ │                │   │   │   'required_program_keys': ['program_name'],    │ │
│ │                │   │   │   'program_schema': {                           │ │
│ │                │   │   │   │   'type': 'object',                         │ │
│ │                │   │   │   │   'properties': {                           │ │
│ │                │   │   │   │   │   'program_name': {'type': 'string'}    │ │
│ │                │   │   │   │   },                                        │ │
│ │                │   │   │   │   'required': ['program_name'],             │ │
│ │                │   │   │   │   'additionalProperties': True              │ │
│ │                │   │   │   },                                            │ │
│ │                │   │   │   'description': 'incubator run'                │ │
│ │                │   │   },                                                │ │
│ │                │   │   'thermocycler': {                                 │ │
│ │                │   │   │   'required_program_keys': ['profile_name'],    │ │
│ │                │   │   │   'program_schema': {                           │ │
│ │                │   │   │   │   'type': 'object',                         │ │
│ │                │   │   │   │   'properties': {                           │ │
│ │                │   │   │   │   │   'profile_name': {'type': 'string'}    │ │
│ │                │   │   │   │   },                                        │ │
│ │                │   │   │   │   'required': ['profile_name'],             │ │
│ │                │   │   │   │   'additionalProperties': True              │ │
│ │                │   │   │   },                                            │ │
│ │                │   │   │   'description': 'thermocycler run'             │ │
│ │                │   │   },                                                │ │
│ │                │   │   'centrifuge': {                                   │ │
│ │                │   │   │   'required_program_keys': ['program_name'],    │ │
│ │                │   │   │   'program_schema': {                           │ │
│ │                │   │   │   │   'type': 'object',                         │ │
│ │                │   │   │   │   'properties': {                           │ │
│ │                │   │   │   │   │   'program_name': {'type': 'string'}    │ │
│ │                │   │   │   │   },                                        │ │
│ │                │   │   │   │   'required': ['program_name'],             │ │
│ │                │   │   │   │   'additionalProperties': True              │ │
│ │                │   │   │   },                                            │ │
│ │                │   │   │   'description': 'centrifuge run'               │ │
│ │                │   │   },                                                │ │
│ │                │   │   'plate_reader': {                                 │ │
│ │                │   │   │   'required_program_keys': ['program_name'],    │ │
│ │                │   │   │   'program_schema': {                           │ │
│ │                │   │   │   │   'type': 'object',                         │ │
│ │                │   │   │   │   'properties': {                           │ │
│ │                │   │   │   │   │   'program_name': {'type': 'string'}    │ │
│ │                │   │   │   │   },                                        │ │
│ │                │   │   │   │   'required': ['program_name'],             │ │
│ │                │   │   │   │   'additionalProperties': True              │ │
│ │                │   │   │   },                                            │ │
│ │                │   │   │   'description': 'plate reader run'             │ │
│ │                │   │   },                                                │ │
│ │                │   │   'imager': {                                       │ │
│ │                │   │   │   'required_program_keys': ['program_name'],    │ │
│ │                │   │   │   'program_schema': {                           │ │
│ │                │   │   │   │   'type': 'object',                         │ │
│ │                │   │   │   │   'properties': {                           │ │
│ │                │   │   │   │   │   'program_name': {'type': 'string'}    │ │
│ │                │   │   │   │   },                                        │ │
│ │                │   │   │   │   'required': ['program_name'],             │ │
│ │                │   │   │   │   'additionalProperties': True              │ │
│ │                │   │   │   },                                            │ │
│ │                │   │   │   'description': 'imaging device run'           │ │
│ │                │   │   },                                                │ │
│ │                │   │   'cell_counter': {                                 │ │
│ │                │   │   │   'required_program_keys': ['program_name'],    │ │
│ │                │   │   │   'program_schema': {                           │ │
│ │                │   │   │   │   'type': 'object',                         │ │
│ │                │   │   │   │   'properties': {                           │ │
│ │                │   │   │   │   │   'program_name': {'type': 'string'}    │ │
│ │                │   │   │   │   },                                        │ │
│ │                │   │   │   │   'required': ['program_name'],             │ │
│ │                │   │   │   │   'additionalProperties': True              │ │
│ │                │   │   │   },                                            │ │
│ │                │   │   │   'description': 'cell counter run'             │ │
│ │                │   │   },                                                │ │
│ │                │   │   'dna_delivery_device': {                          │ │
│ │                │   │   │   'required_program_keys': ['program_name'],    │ │
│ │                │   │   │   'program_schema': {                           │ │
│ │                │   │   │   │   'type': 'object',                         │ │
│ │                │   │   │   │   'properties': {                           │ │
│ │                │   │   │   │   │   'program_name': {'type': 'string'}    │ │
│ │                │   │   │   │   },                                        │ │
│ │                │   │   │   │   'required': ['program_name'],             │ │
│ │                │   │   │   │   'additionalProperties': True              │ │
│ │                │   │   │   },                                            │ │
│ │                │   │   │   'description': 'DNA delivery device run       │ │
│ │                (abstract)'                                               │ │
│ │                │   │   },                                                │ │
│ │                │   │   'amplicon_readout_system': {                      │ │
│ │                │   │   │   'required_program_keys': ['program_name'],    │ │
│ │                │   │   │   'program_schema': {                           │ │
│ │                │   │   │   │   'type': 'object',                         │ │
│ │                │   │   │   │   'properties': {                           │ │
│ │                │   │   │   │   │   'program_name': {'type': 'string'}    │ │
│ │                │   │   │   │   },                                        │ │
│ │                │   │   │   │   'required': ['program_name'],             │ │
│ │                │   │   │   │   'additionalProperties': True              │ │
│ │                │   │   │   },                                            │ │
│ │                │   │   │   'description': 'amplicon readout system run   │ │
│ │                (abstract)'                                               │ │
│ │                │   │   }                                                 │ │
│ │                │   },                                                    │ │
│ │                │   modalities={                                          │ │
│ │                │   │   'microscope',                                     │ │
│ │                │   │   'visual',                                         │ │
│ │                │   │   'instrument_readout'                              │ │
│ │                │   },                                                    │ │
│ │                │   observation_features={                                │ │
│ │                │   │   'confluency': {                                   │ │
│ │                │   │   │   'value_type': 'number',                       │ │
│ │                │   │   │   'constraints': {'min': 0, 'max': 100},        │ │
│ │                │   │   │   'description': 'confluency percentage'        │ │
│ │                │   │   },                                                │ │
│ │                │   │   'morphology': {                                   │ │
│ │                │   │   │   'value_type': 'string',                       │ │
│ │                │   │   │   'constraints': {},                            │ │
│ │                │   │   │   'description': 'cell morphology category'     │ │
│ │                │   │   },                                                │ │
│ │                │   │   'detached_enough': {                              │ │
│ │                │   │   │   'value_type': 'bool',                         │ │
│ │                │   │   │   'constraints': {},                            │ │
│ │                │   │   │   'description': 'cells detached sufficiently'  │ │
│ │                │   │   },                                                │ │
│ │                │   │   'colonies_present': {                             │ │
│ │                │   │   │   'value_type': 'bool',                         │ │
│ │                │   │   │   'constraints': {},                            │ │
│ │                │   │   │   'description': 'colonies present on plate'    │ │
│ │                │   │   },                                                │ │
│ │                │   │   'approx_count': {                                 │ │
│ │                │   │   │   'value_type': 'integer',                      │ │
│ │                │   │   │   'constraints': {'min': 0},                    │ │
│ │                │   │   │   'description': 'approximate count'            │ │
│ │                │   │   },                                                │ │
│ │                │   │   'pass_fail': {                                    │ │
│ │                │   │   │   'value_type': 'bool',                         │ │
│ │                │   │   │   'constraints': {},                            │ │
│ │                │   │   │   'description': 'pass/fail judgement'          │ │
│ │                │   │   },                                                │ │
│ │                │   │   'cell_count': {                                   │ │
│ │                │   │   │   'value_type': 'number',                       │ │
│ │                │   │   │   'constraints': {'min': 0},                    │ │
│ │                │   │   │   'description': 'cell count'                   │ │
│ │                │   │   },                                                │ │
│ │                │   │   'viability': {                                    │ │
│ │                │   │   │   'value_type': 'number',                       │ │
│ │                │   │   │   'constraints': {'min': 0, 'max': 1},          │ │
│ │                │   │   │   'description': 'viability fraction'           │ │
│ │                │   │   },                                                │ │
│ │                │   │   'band_pattern': {                                 │ │
│ │                │   │   │   'value_type': 'string',                       │ │
│ │                │   │   │   'constraints': {},                            │ │
│ │                │   │   │   'description': 'band pattern category or      │ │
│ │                description'                                              │ │
│ │                │   │   },                                                │ │
│ │                │   │   'candidate_colonies': {                           │ │
│ │                │   │   │   'value_type': 'string',                       │ │
│ │                │   │   │   'constraints': {},                            │ │
│ │                │   │   │   'description': 'candidate colony locations    │ │
│ │                (encoded)'                                                │ │
│ │                │   │   }                                                 │ │
│ │                │   }                                                     │ │
│ │                )                                                         │ │
│ │         step = {                                                         │ │
│ │                │   'annotations': {},                                    │ │
│ │                │   'id': 's6',                                           │ │
│ │                │   'inputs': [{'id': 'setup1', 'kind': 'equipment'}],    │ │
│ │                │   'op': 'observe',                                      │ │
│ │                │   'outputs': [{'id': 'data1', 'kind': 'data'}],         │ │
│ │                │   'params': {                                           │ │
│ │                │   │   'features': ['current'],                          │ │
│ │                │   │   'modality': 'instrument_readout'                  │ │
│ │                │   }                                                     │ │
│ │                }                                                         │ │
│ ╰──────────────────────────────────────────────────────────────────────────╯ │
╰──────────────────────────────────────────────────────────────────────────────╯
AttributeError: 'list' object has no attribute 'keys'
